<?xml version="1.0" encoding="UTF-8"?>
<testng-results skipped="0" failed="0" total="1" passed="1">
  <reporter-output>
  </reporter-output>
  <suite name="Default suite" duration-ms="1371" started-at="2019-02-18T08:52:32Z" finished-at="2019-02-18T08:52:33Z">
    <groups>
    </groups>
    <test name="Default test" duration-ms="1371" started-at="2019-02-18T08:52:32Z" finished-at="2019-02-18T08:52:33Z">
      <class name="cjsjy.interfacetest.TestPostPhone">
        <test-method status="PASS" signature="beforeClass()[pri:0, instance:cjsjy.interfacetest.TestPostPhone@1810399e]" name="beforeClass" is-config="true" duration-ms="1350" started-at="2019-02-18T16:52:32Z" finished-at="2019-02-18T16:52:33Z">
          <reporter-output>
          </reporter-output>
        </test-method> <!-- beforeClass -->
        <test-method status="PASS" signature="testPostRequest()[pri:0, instance:cjsjy.interfacetest.TestPostPhone@1810399e]" name="testPostRequest" duration-ms="11" started-at="2019-02-18T16:52:33Z" finished-at="2019-02-18T16:52:33Z">
          <reporter-output>
          </reporter-output>
        </test-method> <!-- testPostRequest -->
      </class> <!-- cjsjy.interfacetest.TestPostPhone -->
    </test> <!-- Default test -->
  </suite> <!-- Default suite -->
</testng-results>
